<?xml version="1.0" encoding="UTF-8"?>
<testsuite name="Cucumber" time="80.636" tests="5" skipped="0" failures="0" errors="0">
<testcase classname="personel_olusturma" name="TC01_personel_olustur - personel_bilgileri - Example #1.1" time="32.956">
<system-out><![CDATA[
Given kullanici "https://editor.datatables.net/" gider......................passed
When kullanici new butonuna tiklar..........................................passed
And kullanici first name "john" girer.......................................passed
And kullanici last name "walker" girer......................................passed
And kullanici positions "SDET" girer........................................passed
And kullanici office "ISTANBUL" girer.......................................passed
And kullanici extension "345" girer.........................................passed
And kullanici start_date "2023-03-01" girer.................................passed
And kullanici salary "100000" girer.........................................passed
And kullanici create buttonuna basar........................................passed
When kullanici firstname ile "john" arar....................................passed
Then firstname "john" in olustugunu test et.................................passed
Then close the application..................................................passed
]]></system-out>
</testcase>
<testcase classname="personel_olusturma" name="TC01_personel_olustur - personel_bilgileri - Example #1.2" time="12.998">
<system-out><![CDATA[
Given kullanici "https://editor.datatables.net/" gider......................passed
When kullanici new butonuna tiklar..........................................passed
And kullanici first name "zeynep" girer.....................................passed
And kullanici last name "black" girer.......................................passed
And kullanici positions "developer" girer...................................passed
And kullanici office "ankara" girer.........................................passed
And kullanici extension "3412" girer........................................passed
And kullanici start_date "2023-03-04" girer.................................passed
And kullanici salary "800000" girer.........................................passed
And kullanici create buttonuna basar........................................passed
When kullanici firstname ile "zeynep" arar..................................passed
Then firstname "zeynep" in olustugunu test et...............................passed
Then close the application..................................................passed
]]></system-out>
</testcase>
<testcase classname="personel_olusturma" name="TC01_personel_olustur - personel_bilgileri - Example #1.3" time="10.849">
<system-out><![CDATA[
Given kullanici "https://editor.datatables.net/" gider......................passed
When kullanici new butonuna tiklar..........................................passed
And kullanici first name "ali" girer........................................passed
And kullanici last name "tez" girer.........................................passed
And kullanici positions "BA" girer..........................................passed
And kullanici office "Tokat" girer..........................................passed
And kullanici extension "678" girer.........................................passed
And kullanici start_date "2023-03-08" girer.................................passed
And kullanici salary "870000" girer.........................................passed
And kullanici create buttonuna basar........................................passed
When kullanici firstname ile "ali" arar.....................................passed
Then firstname "ali" in olustugunu test et..................................passed
Then close the application..................................................passed
]]></system-out>
</testcase>
<testcase classname="personel_olusturma" name="TC01_personel_olustur - personel_bilgileri - Example #1.4" time="12.111">
<system-out><![CDATA[
Given kullanici "https://editor.datatables.net/" gider......................passed
When kullanici new butonuna tiklar..........................................passed
And kullanici first name "feyza" girer......................................passed
And kullanici last name "sar" girer.........................................passed
And kullanici positions "PO" girer..........................................passed
And kullanici office "Izmir" girer..........................................passed
And kullanici extension "7456" girer........................................passed
And kullanici start_date "2023-03-03" girer.................................passed
And kullanici salary "860000" girer.........................................passed
And kullanici create buttonuna basar........................................passed
When kullanici firstname ile "feyza" arar...................................passed
Then firstname "feyza" in olustugunu test et................................passed
Then close the application..................................................passed
]]></system-out>
</testcase>
<testcase classname="personel_olusturma" name="TC01_personel_olustur - personel_bilgileri - Example #1.5" time="10.794">
<system-out><![CDATA[
Given kullanici "https://editor.datatables.net/" gider......................passed
When kullanici new butonuna tiklar..........................................passed
And kullanici first name "Mukesh" girer.....................................passed
And kullanici last name "Srivasan" girer....................................passed
And kullanici positions "Scrum Master" girer................................passed
And kullanici office "Haydarabat" girer.....................................passed
And kullanici extension "980" girer.........................................passed
And kullanici start_date "2023-03-09" girer.................................passed
And kullanici salary "50000" girer..........................................passed
And kullanici create buttonuna basar........................................passed
When kullanici firstname ile "Mukesh" arar..................................passed
Then firstname "Mukesh" in olustugunu test et...............................passed
Then close the application..................................................passed
]]></system-out>
</testcase>
</testsuite>
)
	... 50 more
Caused by: org.openqa.selenium.WebDriverException: unknown error: failed to change window state to 'normal', current state is 'maximized'
  (Session info: chrome=110.0.5481.178)
Build info: version: '4.8.1', revision: '8ebccac989'
System info: os.name: 'Windows 10', os.arch: 'amd64', os.version: '10.0', java.version: '11.0.16.1'
Driver info: org.openqa.selenium.chrome.ChromeDriver
Command: [d6589c4086f5135022bf082468a15e94, maximizeCurrentWindow {}]
Capabilities {acceptInsecureCerts: false, browserName: chrome, browserVersion: 110.0.5481.178, chrome: {chromedriverVersion: 110.0.5481.77 (65ed616c6e8e..., userDataDir: C:\Users\ASUS\AppData\Local...}, goog:chromeOptions: {debuggerAddress: localhost:55033}, networkConnectionEnabled: false, pageLoadStrategy: normal, platformName: WINDOWS, proxy: Proxy(), se:cdp: ws://localhost:55033/devtoo..., se:cdpVersion: 110.0.5481.178, setWindowRect: true, strictFileInteractability: false, timeouts: {implicit: 0, pageLoad: 300000, script: 30000}, unhandledPromptBehavior: dismiss and notify, webauthn:extension:credBlob: true, webauthn:extension:largeBlob: true, webauthn:virtualAuthenticators: true}
Session ID: d6589c4086f5135022bf082468a15e94
	at java.base/jdk.internal.reflect.NativeConstructorAccessorImpl.newInstance0(Native Method)
	at java.base/jdk.internal.reflect.NativeConstructorAccessorImpl.newInstance(NativeConstructorAccessorImpl.java:62)
	at java.base/jdk.internal.reflect.DelegatingConstructorAccessorImpl.newInstance(DelegatingConstructorAccessorImpl.java:45)
	at java.base/java.lang.reflect.Constructor.newInstance(Constructor.java:490)
	at org.openqa.selenium.remote.codec.w3c.W3CHttpResponseCodec.createException(W3CHttpResponseCodec.java:200)
	at org.openqa.selenium.remote.codec.w3c.W3CHttpResponseCodec.decode(W3CHttpResponseCodec.java:133)
	at org.openqa.selenium.remote.codec.w3c.W3CHttpResponseCodec.decode(W3CHttpResponseCodec.java:53)
	at org.openqa.selenium.remote.HttpCommandExecutor.execute(HttpCommandExecutor.java:184)
	at org.openqa.selenium.remote.service.DriverCommandExecutor.invokeExecute(DriverCommandExecutor.java:167)
	at org.openqa.selenium.remote.service.DriverCommandExecutor.execute(DriverCommandExecutor.java:142)
	at org.openqa.selenium.remote.RemoteWebDriver.execute(RemoteWebDriver.java:543)
	at org.openqa.selenium.remote.RemoteWebDriver.execute(RemoteWebDriver.java:598)
	at org.openqa.selenium.remote.RemoteWebDriver.execute(RemoteWebDriver.java:602)
	at org.openqa.selenium.remote.RemoteWebDriver$RemoteWebDriverOptions$RemoteWindow.maximize(RemoteWebDriver.java:954)
	at utilities.Driver.getDriver(Driver.java:57)
	at pages.GooglePage.<init>(GooglePage.java:11)
	at stepdefinitions.GoogleStepDefinitions.<init>(GoogleStepDefinitions.java:14)
	... 55 more
]]>
</failure>
<system-out><![CDATA[
Given kullanici google gider................................................failed
When kullanici "flower" icin arama yapar....................................skipped
Then sonuclarin "flower" icerdigini dogrula.................................skipped
Then close the application..................................................skipped
]]></system-out>
</testcase>
<testcase classname="arama_feature_2" name="arama_testi - data - Example #1.5" time="26.641">
<failure/>
<system-out><![CDATA[
Given kullanici google gider................................................passed
When kullanici "cat" icin arama yapar.......................................undefined
Then sonuclarin "cat" icerdigini dogrula....................................skipped
Then close the application..................................................skipped
]]></system-out>
</testcase>
<testcase classname="arama_feature_2" name="arama_testi - data - Example #1.6" time="2.917">
<failure type="io.cucumber.core.exception.CucumberException" message="Failed to instantiate class stepdefinitions.GoogleStepDefinitions">
<![CDATA[io.cucumber.core.exception.CucumberException: Failed to instantiate class stepdefinitions.GoogleStepDefinitions
	at io.cucumber.core.backend.DefaultObjectFactory.cacheNewInstance(DefaultObjectFactory.java:67)
	at io.cucumber.core.backend.DefaultObjectFactory.getInstance(DefaultObjectFactory.java:45)
	at io.cucumber.java.AbstractGlueDefinition.invokeMethod(AbstractGlueDefinition.java:47)
	at io.cucumber.java.JavaStepDefinition.execute(JavaStepDefinition.java:29)
	at io.cucumber.core.runner.CoreStepDefinition.execute(CoreStepDefinition.java:66)
	at io.cucumber.core.runner.PickleStepDefinitionMatch.runStep(PickleStepDefinitionMatch.java:63)
	at io.cucumber.core.runner.ExecutionMode$1.execute(ExecutionMode.java:10)
	at io.cucumber.core.runner.TestStep.executeStep(TestStep.java:84)
	at io.cucumber.core.runner.TestStep.run(TestStep.java:56)
	at io.cucumber.core.runner.PickleStepTestStep.run(PickleStepTestStep.java:51)
	at io.cucumber.core.runner.TestCase.run(TestCase.java:84)
	at io.cucumber.core.runner.Runner.runPickle(Runner.java:75)
	at io.cucumber.junit.PickleRunners$NoStepDescriptions.lambda$run$0(PickleRunners.java:151)
	at io.cucumber.core.runtime.CucumberExecutionContext.lambda$runTestCase$5(CucumberExecutionContext.java:130)
	at io.cucumber.core.runtime.RethrowingThrowableCollector.executeAndThrow(RethrowingThrowableCollector.java:23)
	at io.cucumber.core.runtime.CucumberExecutionContext.runTestCase(CucumberExecutionContext.java:130)
	at io.cucumber.junit.PickleRunners$NoStepDescriptions.run(PickleRunners.java:148)
	at io.cucumber.junit.FeatureRunner.runChild(FeatureRunner.java:144)
	at io.cucumber.junit.FeatureRunner.runChild(FeatureRunner.java:28)
	at org.junit.runners.ParentRunner$4.run(ParentRunner.java:331)
	at org.junit.runners.ParentRunner$1.schedule(ParentRunner.java:79)
	at org.junit.runners.ParentRunner.runChildren(ParentRunner.java:329)
	at org.junit.runners.ParentRunner.access$100(ParentRunner.java:66)
	at org.junit.runners.ParentRunner$2.evaluate(ParentRunner.java:293)
	at org.junit.runners.ParentRunner$3.evaluate(ParentRunner.java:306)
	at org.junit.runners.ParentRunner.run(ParentRunner.java:413)
	at io.cucumber.junit.FeatureRunner.run(FeatureRunner.java:137)
	at io.cucumber.junit.Cucumber.runChild(Cucumber.java:196)
	at io.cucumber.junit.Cucumber.runChild(Cucumber.java:89)
	at org.junit.runners.ParentRunner$4.run(ParentRunner.java:331)
	at org.apache.maven.surefire.junitcore.pc.Scheduler$1.run(Scheduler.java:405)
	at org.apache.maven.surefire.junitcore.pc.InvokerStrategy.schedule(InvokerStrategy.java:54)
	at org.apache.maven.surefire.junitcore.pc.Scheduler.schedule(Scheduler.java:362)
	at org.junit.runners.ParentRunner.runChildren(ParentRunner.java:329)
	at org.junit.runners.ParentRunner.access$100(ParentRunner.java:66)
	at org.junit.runners.ParentRunner$2.evaluate(ParentRunner.java:293)
	at io.cucumber.junit.Cucumber$RunBeforeAllHooks.evaluate(Cucumber.java:266)
	at io.cucumber.junit.Cucumber$RunAfterAllHooks.evaluate(Cucumber.java:281)
	at io.cucumber.junit.Cucumber$StartTestRun.evaluate(Cucumber.java:233)
	at io.cucumber.junit.Cucumber$FinishTestRun.evaluate(Cucumber.java:248)
	at org.junit.runners.ParentRunner$3.evaluate(ParentRunner.java:306)
	at org.junit.runners.ParentRunner.run(ParentRunner.java:413)
	at org.junit.runners.Suite.runChild(Suite.java:128)
	at org.junit.runners.Suite.runChild(Suite.java:27)
	at org.junit.runners.ParentRunner$4.run(ParentRunner.java:331)
	at org.apache.maven.surefire.junitcore.pc.Scheduler$1.run(Scheduler.java:405)
	at java.base/java.util.concurrent.Executors$RunnableAdapter.call(Executors.java:515)
	at java.base/java.util.concurrent.FutureTask.run(FutureTask.java:264)
	at java.base/java.util.concurrent.ThreadPoolExecutor.runWorker(ThreadPoolExecutor.java:1128)
	at java.base/java.util.concurrent.ThreadPoolExecutor$Worker.run(ThreadPoolExecutor.java:628)
	at java.base/java.lang.Thread.run(Thread.java:834)
Caused by: java.lang.reflect.InvocationTargetException
	at java.base/jdk.internal.reflect.NativeConstructorAccessorImpl.newInstance0(Native Method)
	at java.base/jdk.internal.reflect.NativeConstructorAccessorImpl.newInstance(NativeConstructorAccessorImpl.java:62)
	at java.base/jdk.internal.reflect.DelegatingConstructorAccessorImpl.newInstance(DelegatingConstructorAccessorImpl.java:45)
	at java.base/java.lang.reflect.Constructor.newInstance(Constructor.java:490)
	at io.cucumber.core.backend.DefaultObjectFactory.cacheNewInstance(DefaultObjectFactory.java:53)
	... 50 more
Caused by: org.openqa.selenium.WebDriverException: unknown error: failed to change window state to 'normal', current state is 'maximized'
  (Session info: chrome=110.0.5481.178)
Build info: version: '4.8.1', revision: '8ebccac989'
System info: os.name: 'Windows 10', os.arch: 'amd64', os.version: '10.0', java.version: '11.0.16.1'
Driver info: org.openqa.selenium.chrome.ChromeDriver
Command: [d6589c4086f5135022bf082468a15e94, maximizeCurrentWindow {}]
Capabilities {acceptInsecureCerts: false, browserName: chrome, browserVersion: 110.0.5481.178, chrome: {chromedriverVersion: 110.0.5481.77 (65ed616c6e8e..., userDataDir: C:\Users\ASUS\AppData\Local...}, goog:chromeOptions: {debuggerAddress: localhost:55033}, networkConnectionEnabled: false, pageLoadStrategy: normal, platformName: WINDOWS, proxy: Proxy(), se:cdp: ws://localhost:55033/devtoo..., se:cdpVersion: 110.0.5481.178, setWindowRect: true, strictFileInteractability: false, timeouts: {implicit: 0, pageLoad: 300000, script: 30000}, unhandledPromptBehavior: dismiss and notify, webauthn:extension:credBlob: true, webauthn:extension:largeBlob: true, webauthn:virtualAuthenticators: true}
Session ID: d6589c4086f5135022bf082468a15e94
	at java.base/jdk.internal.reflect.NativeConstructorAccessorImpl.newInstance0(Native Method)
	at java.base/jdk.internal.reflect.NativeConstructorAccessorImpl.newInstance(NativeConstructorAccessorImpl.java:62)
	at java.base/jdk.internal.reflect.DelegatingConstructorAccessorImpl.newInstance(DelegatingConstructorAccessorImpl.java:45)
	at java.base/java.lang.reflect.Constructor.newInstance(Constructor.java:490)
	at org.openqa.selenium.remote.codec.w3c.W3CHttpResponseCodec.createException(W3CHttpResponseCodec.java:200)
	at org.openqa.selenium.remote.codec.w3c.W3CHttpResponseCodec.decode(W3CHttpResponseCodec.java:133)
	at org.openqa.selenium.remote.codec.w3c.W3CHttpResponseCodec.decode(W3CHttpResponseCodec.java:53)
	at org.openqa.selenium.remote.HttpCommandExecutor.execute(HttpCommandExecutor.java:184)
	at org.openqa.selenium.remote.service.DriverCommandExecutor.invokeExecute(DriverCommandExecutor.java:167)
	at org.openqa.selenium.remote.service.DriverCommandExecutor.execute(DriverCommandExecutor.java:142)
	at org.openqa.selenium.remote.RemoteWebDriver.execute(RemoteWebDriver.java:543)
	at org.openqa.selenium.remote.RemoteWebDriver.execute(RemoteWebDriver.java:598)
	at org.openqa.selenium.remote.RemoteWebDriver.execute(RemoteWebDriver.java:602)
	at org.openqa.selenium.remote.RemoteWebDriver$RemoteWebDriverOptions$RemoteWindow.maximize(RemoteWebDriver.java:954)
	at utilities.Driver.getDriver(Driver.java:57)
	at pages.GooglePage.<init>(GooglePage.java:11)
	at stepdefinitions.GoogleStepDefinitions.<init>(GoogleStepDefinitions.java:14)
	... 55 more
]]>
</failure>
<system-out><![CDATA[
Given kullanici google gider................................................failed
When kullanici "dog" icin arama yapar.......................................skipped
Then sonuclarin "dog" icerdigini dogrula....................................skipped
Then close the application..................................................skipped
]]></system-out>
</testcase>
</testsuite>
